<?xml version="1.0" encoding="UTF-8"?>
<!-- Generated by org.testng.reporters.JUnitReportReporter -->
<testsuite skipped="0" hostname="Dell" name="com.inetbanking.testCases.TC_AddCustomerTest_003" tests="1" failures="0" timestamp="19 Oct 2020 18:52:06 GMT" time="106.138" errors="0">
  <testcase name="addNewCustomer" time="106.138" classname="com.inetbanking.testCases.TC_AddCustomerTest_003"/>
</testsuite> <!-- com.inetbanking.testCases.TC_AddCustomerTest_003 -->
